<?xml version="1.0" encoding="UTF-8"?>
<testsuite xmlns:xsi="http://www.w3.org/2001/XMLSchema-instance" xsi:noNamespaceSchemaLocation="https://maven.apache.org/surefire/maven-surefire-plugin/xsd/surefire-test-report-3.0.xsd" version="3.0" name="com.luckybird.common.CommonApplicationTests" time="5.137" tests="1" errors="0" skipped="0" failures="0">
  <properties>
[...]
</properties>
  <testcase name="contextLoads" classname="com.luckybird.common.CommonApplicationTests" time="0.974">
    <system-out><![CDATA[16:45:52.337 [main] INFO org.springframework.test.context.support.AnnotationConfigContextLoaderUtils -- Could not detect default configuration classes for test class [com.luckybird.common.CommonApplicationTests]: CommonApplicationTests does not declare any static, non-private, non-final, nested classes annotated with @Configuration.
16:45:52.467 [main] INFO org.springframework.boot.test.context.SpringBootTestContextBootstrapper -- Found @SpringBootConfiguration com.luckybird.common.CommonApplication for test class com.luckybird.common.CommonApplicationTests

  .   ____          _            __ _ _
 /\\ / ___'_ __ _ _(_)_ __  __ _ \ \ \ \
( ( )\___ | '_ | '_| | '_ \/ _` | \ \ \ \
 \\/  ___)| |_)| | | | | || (_| |  ) ) ) )
  '  |____| .__|_| |_|_| |_\__, | / / / /
 =========|_|==============|___/=/_/_/_/

 :: Spring Boot ::                (v3.3.2)

2024-09-04T16:45:52.936+08:00  INFO 85956 --- [common] [           main] c.l.common.CommonApplicationTests        : Starting CommonApplicationTests using Java 21.0.4 with PID 85956 (started by 新云鸟 in C:\Users\86178\Desktop\GIT Program Workspace\Spring-Backend\common)
2024-09-04T16:45:52.938+08:00  INFO 85956 --- [common] [           main] c.l.common.CommonApplicationTests        : No active profile set, falling back to 1 default profile: "default"
2024-09-04T16:45:53.987+08:00  INFO 85956 --- [common] [           main] .s.d.r.c.RepositoryConfigurationDelegate : Multiple Spring Data modules found, entering strict repository configuration mode
2024-09-04T16:45:53.994+08:00  INFO 85956 --- [common] [           main] .s.d.r.c.RepositoryConfigurationDelegate : Bootstrapping Spring Data Redis repositories in DEFAULT mode.
2024-09-04T16:45:54.034+08:00  INFO 85956 --- [common] [           main] .s.d.r.c.RepositoryConfigurationDelegate : Finished Spring Data repository scanning in 12 ms. Found 0 Redis repository interfaces.
2024-09-04T16:45:54.177+08:00  WARN 85956 --- [common] [           main] o.m.s.mapper.ClassPathMapperScanner      : No MyBatis mapper was found in '[com.luckybird.common]' package. Please check your configuration.
Logging initialized using 'class org.apache.ibatis.logging.stdout.StdOutImpl' adapter.
Get /192.168.20.177 network interface 
Get network interface info: name:wireless_32771 (TP-LINK Wireless USB Adapter)
Initialization Sequence datacenterId:9 workerId:4
 _ _   |_  _ _|_. ___ _ |    _ 
| | |\/|_)(_| | |_\  |_)||_|_\ 
     /               |         
                        3.5.7 
2024-09-04T16:45:56.287+08:00  INFO 85956 --- [common] [           main] c.l.common.CommonApplicationTests        : Started CommonApplicationTests in 3.637 seconds (process running for 4.835)
]]></system-out>
    <system-err><![CDATA[WARNING: A Java agent has been loaded dynamically (C:\Users\86178\.m2\repository\net\bytebuddy\byte-buddy-agent\1.14.18\byte-buddy-agent-1.14.18.jar)
WARNING: If a serviceability tool is in use, please run with -XX:+EnableDynamicAgentLoading to hide this warning
WARNING: If a serviceability tool is not in use, please run with -Djdk.instrument.traceUsage for more information
WARNING: Dynamic loading of agents will be disallowed by default in a future release
]]></system-err>
  </testcase>
</testsuite>